
> dev
> next dev

  ▲ Next.js 14.2.30
  - Local:        http://localhost:3000
  - Environments: .env

 ✓ Starting...
 ✓ Ready in 870ms
 ✓ Compiled /middleware in 147ms (72 modules)
 ○ Compiling / ...
 ⨯ ./app/globals.css:1:1
Syntax error: /Users/tj-index/mot-du-jour/app/globals.css The `outline-ring/50` class does not exist. If `outline-ring/50` is a custom class, make sure it is defined within a `@layer` directive.

> 1 | @tailwind base;
    | ^
  2 | @tailwind components;
  3 | @tailwind utilities;
 ⨯ ./app/globals.css:1:1
Syntax error: /Users/tj-index/mot-du-jour/app/globals.css The `outline-ring/50` class does not exist. If `outline-ring/50` is a custom class, make sure it is defined within a `@layer` directive.

> 1 | @tailwind base;
    | ^
  2 | @tailwind components;
  3 | @tailwind utilities;
 GET / 500 in 2215ms
<w> [webpack.cache.PackFileCacheStrategy] Skipped not serializable cache item 'Compilation/modules|/Users/tj-index/mot-du-jour/node_modules/next/dist/build/webpack/loaders/css-loader/src/index.js??ruleSet[1].rules[14].oneOf[12].use[2]!/Users/tj-index/mot-du-jour/node_modules/next/dist/build/webpack/loaders/postcss-loader/src/index.js??ruleSet[1].rules[14].oneOf[12].use[3]!/Users/tj-index/mot-du-jour/app/globals.css': No serializer registered for PostCSSSyntaxError
<w> while serializing webpack/lib/cache/PackFileCacheStrategy.PackContentItems -> webpack/lib/NormalModule -> webpack/lib/ModuleBuildError -> PostCSSSyntaxError
 ✓ Compiled /_error in 253ms (1182 modules)
 ✓ Compiled in 61ms (574 modules)
 GET / 200 in 104ms
 GET / 200 in 33ms
 ✓ Compiled /_not-found in 154ms (1171 modules)
 GET /.well-known/appspecific/com.chrome.devtools.json 404 in 189ms
 ✓ Compiled /api/user in 207ms (737 modules)
🔍 API /user - Auth user check: { authUser: true, authError: null }
✅ Auth user found: c441ea84-d44c-414f-910c-dc0643ebed03 hithomasjay@gmail.com
✅ Returning user data
 GET /api/user 200 in 564ms
 ✓ Compiled /connection in 352ms (1184 modules)
 POST / 303 in 588ms
 ✓ Compiled /api/user in 49ms (744 modules)
🔍 API /user - Auth user check: {
  authUser: false,
  authError: AuthSessionMissingError: Auth session missing!
      at eval (webpack-internal:///(rsc)/./node_modules/@supabase/auth-js/dist/module/GoTrueClient.js:1058:59)
      at SupabaseAuthClient._useSession (webpack-internal:///(rsc)/./node_modules/@supabase/auth-js/dist/module/GoTrueClient.js:955:26)
      at async SupabaseAuthClient._getUser (webpack-internal:///(rsc)/./node_modules/@supabase/auth-js/dist/module/GoTrueClient.js:1050:20)
      at async eval (webpack-internal:///(rsc)/./node_modules/@supabase/auth-js/dist/module/GoTrueClient.js:1037:20)
      at async eval (webpack-internal:///(rsc)/./node_modules/@supabase/auth-js/dist/module/GoTrueClient.js:900:28) {
    __isAuthError: true,
    status: 400,
    code: undefined
  }
}
❌ No authenticated user found
 GET /api/user 401 in 147ms
 ✓ Compiled /pricing in 291ms (1512 modules)
 ✓ Compiled in 334ms (1389 modules)
 ✓ Compiled in 82ms (586 modules)
